TN:
SF:src\server.ts
FNF:0
FNH:0
DA:1,1
DA:2,1
DA:3,1
DA:4,1
DA:5,1
DA:6,1
DA:7,1
DA:8,1
DA:9,1
DA:10,1
DA:11,1
DA:12,1
DA:13,1
DA:14,1
DA:15,1
DA:16,1
DA:17,1
LF:17
LH:17
BRF:0
BRH:0
end_of_record
TN:
SF:src\controllers\DriverController.ts
FN:6,list
FN:18,detail
FN:32,create
FN:43,update
FN:54,delete
FNF:5
FNH:5
FNDA:3,list
FNDA:2,detail
FNDA:1,create
FNDA:2,update
FNDA:2,delete
DA:1,1
DA:2,1
DA:3,1
DA:4,1
DA:5,1
DA:6,1
DA:7,3
DA:8,3
DA:9,3
DA:10,3
DA:11,3
DA:12,3
DA:13,3
DA:14,3
DA:15,3
DA:16,3
DA:17,1
DA:18,1
DA:19,2
DA:20,2
DA:21,2
DA:22,2
DA:23,2
DA:24,2
DA:25,1
DA:26,1
DA:27,1
DA:28,0
DA:29,0
DA:30,2
DA:31,1
DA:32,1
DA:33,1
DA:34,1
DA:35,1
DA:36,1
DA:37,1
DA:38,1
DA:39,1
DA:40,1
DA:41,1
DA:42,1
DA:43,1
DA:44,2
DA:45,2
DA:46,2
DA:47,2
DA:48,2
DA:49,2
DA:50,1
DA:51,1
DA:52,1
DA:53,1
DA:54,1
DA:55,2
DA:56,2
DA:57,2
DA:58,2
DA:59,2
DA:60,2
DA:61,1
DA:62,1
DA:63,1
DA:64,1
LF:64
LH:62
BRDA:6,0,0,3
BRDA:11,1,0,2
BRDA:11,2,0,1
BRDA:18,3,0,2
BRDA:25,4,0,1
BRDA:28,5,0,0
BRDA:32,6,0,1
BRDA:43,7,0,2
BRDA:50,8,0,1
BRDA:54,9,0,2
BRDA:61,10,0,1
BRF:11
BRH:10
end_of_record
TN:
SF:src\controllers\VehicleController.ts
FN:6,list
FN:19,detail
FN:33,create
FN:44,update
FN:55,delete
FNF:5
FNH:5
FNDA:3,list
FNDA:2,detail
FNDA:1,create
FNDA:2,update
FNDA:2,delete
DA:1,1
DA:2,1
DA:3,1
DA:4,1
DA:5,1
DA:6,1
DA:7,3
DA:8,3
DA:9,3
DA:10,3
DA:11,3
DA:12,3
DA:13,3
DA:14,3
DA:15,3
DA:16,3
DA:17,3
DA:18,1
DA:19,1
DA:20,2
DA:21,2
DA:22,2
DA:23,2
DA:24,2
DA:25,2
DA:26,1
DA:27,1
DA:28,1
DA:29,0
DA:30,0
DA:31,2
DA:32,1
DA:33,1
DA:34,1
DA:35,1
DA:36,1
DA:37,1
DA:38,1
DA:39,1
DA:40,1
DA:41,1
DA:42,1
DA:43,1
DA:44,1
DA:45,2
DA:46,2
DA:47,2
DA:48,2
DA:49,2
DA:50,2
DA:51,1
DA:52,1
DA:53,1
DA:54,1
DA:55,1
DA:56,2
DA:57,2
DA:58,2
DA:59,2
DA:60,2
DA:61,2
DA:62,1
DA:63,1
DA:64,1
DA:65,1
LF:65
LH:63
BRDA:6,0,0,3
BRDA:11,1,0,2
BRDA:11,2,0,1
BRDA:12,3,0,2
BRDA:12,4,0,1
BRDA:19,5,0,2
BRDA:26,6,0,1
BRDA:29,7,0,0
BRDA:33,8,0,1
BRDA:44,9,0,2
BRDA:51,10,0,1
BRDA:55,11,0,2
BRDA:62,12,0,1
BRF:13
BRH:12
end_of_record
TN:
SF:src\controllers\VehicleUseController.ts
FN:6,list
FN:15,create
FN:26,endUse
FNF:3
FNH:3
FNDA:1,list
FNDA:3,create
FNDA:2,endUse
DA:1,1
DA:2,1
DA:3,1
DA:4,1
DA:5,1
DA:6,1
DA:7,1
DA:8,1
DA:9,1
DA:10,1
DA:11,1
DA:12,1
DA:13,1
DA:14,1
DA:15,1
DA:16,3
DA:17,3
DA:18,3
DA:19,3
DA:20,3
DA:21,3
DA:22,1
DA:23,1
DA:24,1
DA:25,1
DA:26,1
DA:27,2
DA:28,2
DA:29,2
DA:30,2
DA:31,2
DA:32,2
DA:33,1
DA:34,1
DA:35,1
DA:36,1
LF:36
LH:36
BRDA:6,0,0,1
BRDA:15,1,0,3
BRDA:22,2,0,1
BRDA:26,3,0,2
BRDA:33,4,0,1
BRF:5
BRH:5
end_of_record
TN:
SF:src\database\migrations\1656784386066-CreateVehicle.ts
FN:5,up
FN:45,down
FNF:2
FNH:1
FNDA:6,up
FNDA:0,down
DA:1,1
DA:2,1
DA:3,1
DA:4,1
DA:5,1
DA:6,6
DA:7,6
DA:8,6
DA:9,6
DA:10,6
DA:11,6
DA:12,6
DA:13,6
DA:14,6
DA:15,6
DA:16,6
DA:17,6
DA:18,6
DA:19,6
DA:20,6
DA:21,6
DA:22,6
DA:23,6
DA:24,6
DA:25,6
DA:26,6
DA:27,6
DA:28,6
DA:29,6
DA:30,6
DA:31,6
DA:32,6
DA:33,6
DA:34,6
DA:35,6
DA:36,6
DA:37,6
DA:38,6
DA:39,6
DA:40,6
DA:41,6
DA:42,6
DA:43,6
DA:44,1
DA:45,1
DA:46,0
DA:47,0
DA:48,0
DA:49,1
LF:49
LH:46
BRDA:5,0,0,6
BRF:1
BRH:1
end_of_record
TN:
SF:src\database\migrations\1656858733032-CreateDriver.ts
FN:5,up
FN:37,down
FNF:2
FNH:1
FNDA:6,up
FNDA:0,down
DA:1,1
DA:2,1
DA:3,1
DA:4,1
DA:5,1
DA:6,6
DA:7,6
DA:8,6
DA:9,6
DA:10,6
DA:11,6
DA:12,6
DA:13,6
DA:14,6
DA:15,6
DA:16,6
DA:17,6
DA:18,6
DA:19,6
DA:20,6
DA:21,6
DA:22,6
DA:23,6
DA:24,6
DA:25,6
DA:26,6
DA:27,6
DA:28,6
DA:29,6
DA:30,6
DA:31,6
DA:32,6
DA:33,6
DA:34,6
DA:35,6
DA:36,1
DA:37,1
DA:38,0
DA:39,0
DA:40,0
DA:41,1
LF:41
LH:38
BRDA:5,0,0,6
BRF:1
BRH:1
end_of_record
TN:
SF:src\database\migrations\1656887016324-CreateVehicleUse.ts
FN:5,up
FN:72,down
FNF:2
FNH:1
FNDA:6,up
FNDA:0,down
DA:1,1
DA:2,1
DA:3,1
DA:4,1
DA:5,1
DA:6,6
DA:7,6
DA:8,6
DA:9,6
DA:10,6
DA:11,6
DA:12,6
DA:13,6
DA:14,6
DA:15,6
DA:16,6
DA:17,6
DA:18,6
DA:19,6
DA:20,6
DA:21,6
DA:22,6
DA:23,6
DA:24,6
DA:25,6
DA:26,6
DA:27,6
DA:28,6
DA:29,6
DA:30,6
DA:31,6
DA:32,6
DA:33,6
DA:34,6
DA:35,6
DA:36,6
DA:37,6
DA:38,6
DA:39,6
DA:40,6
DA:41,6
DA:42,6
DA:43,6
DA:44,6
DA:45,6
DA:46,6
DA:47,6
DA:48,6
DA:49,6
DA:50,6
DA:51,6
DA:52,6
DA:53,6
DA:54,6
DA:55,6
DA:56,6
DA:57,6
DA:58,6
DA:59,6
DA:60,6
DA:61,6
DA:62,6
DA:63,6
DA:64,6
DA:65,6
DA:66,6
DA:67,6
DA:68,6
DA:69,6
DA:70,6
DA:71,1
DA:72,1
DA:73,0
DA:74,0
DA:75,0
DA:76,1
DA:77,1
LF:77
LH:74
BRDA:5,0,0,6
BRF:1
BRH:1
end_of_record
TN:
SF:src\entities\Driver.ts
FNF:0
FNH:0
DA:1,1
DA:2,1
DA:3,1
DA:4,1
DA:5,1
DA:6,1
DA:7,1
DA:8,1
DA:9,1
DA:10,1
DA:11,1
DA:12,1
DA:13,1
DA:14,1
DA:15,1
DA:16,1
DA:17,1
DA:18,1
DA:19,1
DA:20,1
DA:21,1
LF:21
LH:21
BRDA:13,0,0,6
BRDA:13,1,0,6
BRF:2
BRH:2
end_of_record
TN:
SF:src\entities\Vehicle.ts
FNF:0
FNH:0
DA:1,1
DA:2,1
DA:3,1
DA:4,1
DA:5,1
DA:6,1
DA:7,1
DA:8,1
DA:9,1
DA:10,1
DA:11,1
DA:12,1
DA:13,1
DA:14,1
DA:15,1
DA:16,1
DA:17,1
DA:18,1
DA:19,1
DA:20,1
DA:21,1
DA:22,1
DA:23,1
DA:24,1
DA:25,1
DA:26,1
DA:27,1
LF:27
LH:27
BRDA:19,0,0,6
BRDA:19,1,0,6
BRF:2
BRH:2
end_of_record
TN:
SF:src\entities\VehicleUse.ts
FNF:0
FNH:0
DA:1,1
DA:2,1
DA:3,1
DA:4,1
DA:5,1
DA:6,1
DA:7,1
DA:8,1
DA:9,1
DA:10,1
DA:11,1
DA:12,1
DA:13,1
DA:14,1
DA:15,1
DA:16,1
DA:17,1
DA:18,1
DA:19,1
DA:20,1
DA:21,1
DA:22,1
DA:23,1
DA:24,1
DA:25,1
DA:26,1
DA:27,1
DA:28,1
DA:29,1
DA:30,1
DA:31,1
DA:32,1
DA:33,1
DA:34,1
DA:35,1
DA:36,1
DA:37,1
DA:38,1
DA:39,1
LF:39
LH:39
BRDA:27,0,0,6
BRDA:27,1,0,6
BRDA:31,2,0,6
BRDA:31,3,0,6
BRF:4
BRH:4
end_of_record
TN:
SF:src\middlewares\ensureValidation.ts
FN:7,ensureValidation
FNF:1
FNH:1
FNDA:34,ensureValidation
DA:1,1
DA:2,1
DA:3,1
DA:4,1
DA:5,1
DA:6,1
DA:7,34
DA:8,34
DA:9,34
DA:10,34
DA:11,34
DA:12,34
DA:13,9
DA:14,9
DA:15,25
DA:16,25
DA:17,25
LF:17
LH:17
BRDA:7,0,0,34
BRDA:12,1,0,9
BRDA:15,2,0,25
BRF:3
BRH:3
end_of_record
TN:
SF:src\middlewares\handleRequestError.ts
FN:6,handleRequestError
FNF:1
FNH:1
FNDA:9,handleRequestError
DA:1,1
DA:2,1
DA:3,1
DA:4,1
DA:5,1
DA:6,9
DA:7,9
DA:8,9
DA:9,9
DA:10,9
DA:11,9
DA:12,9
DA:13,0
DA:14,0
DA:15,0
DA:16,0
DA:17,0
DA:18,0
LF:18
LH:12
BRDA:6,0,0,9
BRDA:13,1,0,0
BRF:2
BRH:1
end_of_record
TN:
SF:src\repositories\DriverRepository.ts
FN:10,DriverRepository
FN:15,list
FN:24,detail
FN:29,create
FN:34,update
FN:39,delete
FNF:6
FNH:6
FNDA:22,DriverRepository
FNDA:6,list
FNDA:11,detail
FNDA:10,create
FNDA:2,update
FNDA:2,delete
DA:1,1
DA:2,1
DA:3,1
DA:4,1
DA:5,1
DA:6,1
DA:7,1
DA:8,1
DA:9,1
DA:10,1
DA:11,22
DA:12,22
DA:13,22
DA:14,1
DA:15,1
DA:16,6
DA:17,6
DA:18,6
DA:19,6
DA:20,6
DA:21,6
DA:22,6
DA:23,1
DA:24,1
DA:25,11
DA:26,11
DA:27,11
DA:28,1
DA:29,1
DA:30,10
DA:31,10
DA:32,10
DA:33,1
DA:34,1
DA:35,2
DA:36,2
DA:37,2
DA:38,1
DA:39,1
DA:40,2
DA:41,2
DA:42,2
DA:43,1
LF:43
LH:43
BRDA:10,0,0,22
BRDA:15,1,0,6
BRDA:19,2,0,4
BRDA:19,3,0,2
BRDA:24,4,0,11
BRDA:29,5,0,10
BRDA:34,6,0,2
BRDA:39,7,0,2
BRF:8
BRH:8
end_of_record
TN:
SF:src\repositories\VehicleRepository.ts
FN:10,VehicleRepository
FN:15,list
FN:25,detail
FN:30,create
FN:35,update
FN:40,delete
FNF:6
FNH:6
FNDA:22,VehicleRepository
FNDA:6,list
FNDA:10,detail
FNDA:10,create
FNDA:2,update
FNDA:2,delete
DA:1,1
DA:2,1
DA:3,1
DA:4,1
DA:5,1
DA:6,1
DA:7,1
DA:8,1
DA:9,1
DA:10,1
DA:11,22
DA:12,22
DA:13,22
DA:14,1
DA:15,1
DA:16,6
DA:17,6
DA:18,6
DA:19,6
DA:20,6
DA:21,6
DA:22,6
DA:23,6
DA:24,1
DA:25,1
DA:26,10
DA:27,10
DA:28,10
DA:29,1
DA:30,1
DA:31,10
DA:32,10
DA:33,10
DA:34,1
DA:35,1
DA:36,2
DA:37,2
DA:38,2
DA:39,1
DA:40,1
DA:41,2
DA:42,2
DA:43,2
DA:44,1
LF:44
LH:44
BRDA:10,0,0,22
BRDA:15,1,0,6
BRDA:19,2,0,4
BRDA:19,3,0,2
BRDA:20,4,0,3
BRDA:20,5,0,3
BRDA:25,6,0,10
BRDA:30,7,0,10
BRDA:35,8,0,2
BRDA:40,9,0,2
BRF:10
BRH:10
end_of_record
TN:
SF:src\repositories\VehicleUseRepository.ts
FN:10,VehicleUseRepository
FN:15,list
FN:22,detail
FN:27,checkVehicleUse
FN:37,checkDriverBusy
FN:47,create
FN:52,update
FNF:7
FNH:7
FNDA:11,VehicleUseRepository
FNDA:2,list
FNDA:2,detail
FNDA:4,checkVehicleUse
FNDA:3,checkDriverBusy
FNDA:3,create
FNDA:2,update
DA:1,1
DA:2,1
DA:3,1
DA:4,1
DA:5,1
DA:6,1
DA:7,1
DA:8,1
DA:9,1
DA:10,1
DA:11,11
DA:12,11
DA:13,11
DA:14,1
DA:15,1
DA:16,2
DA:17,2
DA:18,2
DA:19,2
DA:20,2
DA:21,1
DA:22,1
DA:23,2
DA:24,2
DA:25,2
DA:26,1
DA:27,1
DA:28,4
DA:29,4
DA:30,4
DA:31,4
DA:32,4
DA:33,4
DA:34,4
DA:35,4
DA:36,1
DA:37,1
DA:38,3
DA:39,3
DA:40,3
DA:41,3
DA:42,3
DA:43,3
DA:44,3
DA:45,3
DA:46,1
DA:47,1
DA:48,3
DA:49,3
DA:50,3
DA:51,1
DA:52,1
DA:53,2
DA:54,2
DA:55,2
DA:56,1
LF:56
LH:56
BRDA:10,0,0,11
BRDA:15,1,0,2
BRDA:22,2,0,2
BRDA:27,3,0,4
BRDA:37,4,0,3
BRDA:47,5,0,3
BRDA:52,6,0,2
BRF:7
BRH:7
end_of_record
TN:
SF:src\routes\DriverRouter.ts
FN:6,DriverRouter
FNF:1
FNH:1
FNDA:3,DriverRouter
DA:1,1
DA:2,1
DA:3,1
DA:4,1
DA:5,1
DA:6,3
DA:7,3
DA:8,3
DA:9,3
DA:10,3
DA:11,3
DA:12,3
DA:13,3
DA:14,3
DA:15,3
DA:16,3
DA:17,3
DA:18,3
DA:19,3
DA:20,3
DA:21,3
DA:22,3
DA:23,3
DA:24,3
DA:25,3
DA:26,3
DA:27,3
DA:28,3
DA:29,3
DA:30,3
DA:31,3
DA:32,3
DA:33,3
DA:34,3
DA:35,3
DA:36,3
DA:37,3
DA:38,3
DA:39,3
DA:40,3
LF:40
LH:40
BRDA:6,0,0,3
BRF:1
BRH:1
end_of_record
TN:
SF:src\routes\VehicleRouter.ts
FN:6,VehicleRouter
FNF:1
FNH:1
FNDA:3,VehicleRouter
DA:1,1
DA:2,1
DA:3,1
DA:4,1
DA:5,1
DA:6,3
DA:7,3
DA:8,3
DA:9,3
DA:10,3
DA:11,3
DA:12,3
DA:13,3
DA:14,3
DA:15,3
DA:16,3
DA:17,3
DA:18,3
DA:19,3
DA:20,3
DA:21,3
DA:22,3
DA:23,3
DA:24,3
DA:25,3
DA:26,3
DA:27,3
DA:28,3
DA:29,3
DA:30,3
DA:31,3
DA:32,3
DA:33,3
DA:34,3
DA:35,3
DA:36,3
DA:37,3
DA:38,3
DA:39,3
DA:40,3
DA:41,3
DA:42,3
DA:43,3
DA:44,3
DA:45,3
LF:45
LH:45
BRDA:6,0,0,3
BRF:1
BRH:1
end_of_record
TN:
SF:src\routes\VehicleUseRouter.ts
FN:6,VehicleUseRouter
FNF:1
FNH:1
FNDA:3,VehicleUseRouter
DA:1,1
DA:2,1
DA:3,1
DA:4,1
DA:5,1
DA:6,3
DA:7,3
DA:8,3
DA:9,3
DA:10,3
DA:11,3
DA:12,3
DA:13,3
DA:14,3
DA:15,3
DA:16,3
DA:17,3
DA:18,3
DA:19,3
DA:20,3
DA:21,3
DA:22,3
DA:23,3
DA:24,3
DA:25,3
DA:26,3
DA:27,3
DA:28,3
LF:28
LH:28
BRDA:6,0,0,3
BRF:1
BRH:1
end_of_record
TN:
SF:src\routes\index.ts
FNF:0
FNH:0
DA:1,1
DA:2,1
DA:3,1
DA:4,1
DA:5,1
DA:6,1
DA:7,1
DA:8,1
DA:9,1
DA:10,1
DA:11,1
DA:12,1
LF:12
LH:12
BRF:0
BRH:0
end_of_record
TN:
SF:src\services\DriverService.ts
FN:12,DriverService
FN:17,list
FN:22,detail
FN:33,create
FN:41,update
FN:56,delete
FNF:6
FNH:6
FNDA:22,DriverService
FNDA:6,list
FNDA:4,detail
FNDA:7,create
FNDA:4,update
FNDA:4,delete
DA:1,1
DA:2,1
DA:3,1
DA:4,1
DA:5,1
DA:6,1
DA:7,1
DA:8,1
DA:9,1
DA:10,1
DA:11,1
DA:12,1
DA:13,22
DA:14,22
DA:15,22
DA:16,1
DA:17,1
DA:18,6
DA:19,6
DA:20,6
DA:21,1
DA:22,1
DA:23,4
DA:24,4
DA:25,4
DA:26,4
DA:27,4
DA:28,4
DA:29,2
DA:30,2
DA:31,2
DA:32,1
DA:33,1
DA:34,7
DA:35,7
DA:36,7
DA:37,7
DA:38,7
DA:39,7
DA:40,1
DA:41,1
DA:42,4
DA:43,4
DA:44,4
DA:45,4
DA:46,4
DA:47,4
DA:48,2
DA:49,2
DA:50,2
DA:51,2
DA:52,2
DA:53,2
DA:54,2
DA:55,1
DA:56,1
DA:57,4
DA:58,4
DA:59,4
DA:60,4
DA:61,4
DA:62,4
DA:63,2
DA:64,2
DA:65,2
DA:66,1
LF:66
LH:66
BRDA:12,0,0,22
BRDA:17,1,0,6
BRDA:22,2,0,4
BRDA:28,3,0,2
BRDA:33,4,0,7
BRDA:41,5,0,4
BRDA:47,6,0,2
BRDA:56,7,0,4
BRDA:62,8,0,2
BRF:9
BRH:9
end_of_record
TN:
SF:src\services\VehicleService.ts
FN:14,VehicleService
FN:19,list
FN:24,detail
FN:35,create
FN:45,update
FN:62,delete
FNF:6
FNH:6
FNDA:22,VehicleService
FNDA:6,list
FNDA:4,detail
FNDA:7,create
FNDA:4,update
FNDA:4,delete
DA:1,1
DA:2,1
DA:3,1
DA:4,1
DA:5,1
DA:6,1
DA:7,1
DA:8,1
DA:9,1
DA:10,1
DA:11,1
DA:12,1
DA:13,1
DA:14,1
DA:15,22
DA:16,22
DA:17,22
DA:18,1
DA:19,1
DA:20,6
DA:21,6
DA:22,6
DA:23,1
DA:24,1
DA:25,4
DA:26,4
DA:27,4
DA:28,4
DA:29,4
DA:30,4
DA:31,2
DA:32,2
DA:33,2
DA:34,1
DA:35,1
DA:36,7
DA:37,7
DA:38,7
DA:39,7
DA:40,7
DA:41,7
DA:42,7
DA:43,7
DA:44,1
DA:45,1
DA:46,4
DA:47,4
DA:48,4
DA:49,4
DA:50,4
DA:51,4
DA:52,2
DA:53,2
DA:54,2
DA:55,2
DA:56,2
DA:57,2
DA:58,2
DA:59,2
DA:60,2
DA:61,1
DA:62,1
DA:63,4
DA:64,4
DA:65,4
DA:66,4
DA:67,4
DA:68,4
DA:69,2
DA:70,2
DA:71,2
DA:72,1
LF:72
LH:72
BRDA:14,0,0,22
BRDA:19,1,0,6
BRDA:24,2,0,4
BRDA:30,3,0,2
BRDA:35,4,0,7
BRDA:45,5,0,4
BRDA:51,6,0,2
BRDA:62,7,0,4
BRDA:68,8,0,2
BRF:9
BRH:9
end_of_record
TN:
SF:src\services\VehicleUseService.ts
FN:18,VehicleUseService
FN:23,list
FN:28,create
FN:65,endUse
FN:89,checkVehicleFree
FN:101,checkDriverFree
FNF:6
FNH:6
FNDA:15,VehicleUseService
FNDA:2,list
FNDA:8,create
FNDA:5,endUse
FNDA:6,checkVehicleFree
FNDA:4,checkDriverFree
DA:1,1
DA:2,1
DA:3,1
DA:4,1
DA:5,1
DA:6,1
DA:7,1
DA:8,1
DA:9,1
DA:10,1
DA:11,1
DA:12,1
DA:13,1
DA:14,1
DA:15,1
DA:16,1
DA:17,1
DA:18,1
DA:19,15
DA:20,15
DA:21,15
DA:22,1
DA:23,1
DA:24,2
DA:25,2
DA:26,2
DA:27,1
DA:28,1
DA:29,8
DA:30,8
DA:31,8
DA:32,8
DA:33,8
DA:34,8
DA:35,8
DA:36,8
DA:37,7
DA:38,7
DA:39,7
DA:40,7
DA:41,8
DA:42,6
DA:43,6
DA:44,6
DA:45,6
DA:46,6
DA:47,8
DA:48,4
DA:49,4
DA:50,4
DA:51,4
DA:52,4
DA:53,8
DA:54,2
DA:55,2
DA:56,2
DA:57,2
DA:58,2
DA:59,2
DA:60,2
DA:61,2
DA:62,2
DA:63,2
DA:64,1
DA:65,1
DA:66,5
DA:67,5
DA:68,5
DA:69,5
DA:70,5
DA:71,5
DA:72,4
DA:73,4
DA:74,4
DA:75,5
DA:76,2
DA:77,2
DA:78,2
DA:79,2
DA:80,2
DA:81,2
DA:82,2
DA:83,1
DA:84,1
DA:85,1
DA:86,1
DA:87,1
DA:88,1
DA:89,1
DA:90,6
DA:91,6
DA:92,6
DA:93,6
DA:94,6
DA:95,1
DA:96,1
DA:97,1
DA:98,1
DA:99,1
DA:100,1
DA:101,1
DA:102,4
DA:103,4
DA:104,4
DA:105,4
DA:106,4
DA:107,1
LF:107
LH:107
BRDA:18,0,0,15
BRDA:23,1,0,2
BRDA:28,2,0,8
BRDA:36,3,0,1
BRDA:37,4,0,7
BRDA:41,5,0,1
BRDA:42,6,0,6
BRDA:47,7,0,2
BRDA:48,8,0,4
BRDA:53,9,0,2
BRDA:65,10,0,5
BRDA:71,11,0,1
BRDA:72,12,0,4
BRDA:75,13,0,2
BRDA:89,14,0,6
BRDA:93,15,0,2
BRDA:93,16,0,4
BRDA:101,17,0,4
BRDA:105,18,0,2
BRDA:105,19,0,2
BRF:20
BRH:20
end_of_record
